# JRE version: OpenJDK Runtime Environment Temurin-21.0.11+10 (21.0.11+10) (build 21.0.11+10-LTS)
# Java VM: OpenJDK 64-Bit Server VM Temurin-21.0.11+10 (21.0.11+10-LTS, mixed mode, sharing, tiered, compressed oops, compressed class ptrs, parallel gc, windows-amd64)
GC Precious Log:
 CardTable entry size: 512
 CPUs: 12 total, 12 available
 Memory: 16092M
 Large Page Support: Disabled
 NUMA Support: Disabled
 Compressed Oops: Enabled (32-bit)
 Alignments: Space 512K, Generation 512K, Heap 2M
 Heap Min Capacity: 100M
 Heap Initial Capacity: 100M
 Heap Max Capacity: 2G
 Pre-touch: Disabled
 Parallel Workers: 10
Heap:
 PSYoungGen      total 3584K, used 2723K [0x00000000d5580000, 0x00000000d5a80000, 0x0000000100000000)
  eden space 3072K, 75% used [0x00000000d5580000,0x00000000d57c0d80,0x00000000d5880000)
  from space 512K, 81% used [0x00000000d5880000,0x00000000d58e8000,0x00000000d5900000)
  to   space 1024K, 0% used [0x00000000d5980000,0x00000000d5980000,0x00000000d5a80000)
 ParOldGen       total 844288K, used 844060K [0x0000000080000000, 0x00000000b3880000, 0x00000000d5580000)
  object space 844288K, 99% used [0x0000000080000000,0x00000000b38470c0,0x00000000b3880000)
 Metaspace       used 77099K, committed 78720K, reserved 1179648K
  class space    used 8174K, committed 8896K, reserved 1048576K
GC Heap History (20 events):
Event: 76.489 GC heap before
{Heap before GC invocations=1516 (full 3):
 PSYoungGen      total 4096K, used 3657K [0x00000000d5580000, 0x00000000d5b00000, 0x0000000100000000)
  eden space 2560K, 100% used [0x00000000d5580000,0x00000000d5800000,0x00000000d5800000)
  from space 1536K, 71% used [0x00000000d5980000,0x00000000d5a92730,0x00000000d5b00000)
  to   space 1536K, 0% used [0x00000000d5800000,0x00000000d5800000,0x00000000d5980000)
 ParOldGen       total 840192K, used 839689K [0x0000000080000000, 0x00000000b3480000, 0x00000000d5580000)
  object space 840192K, 99% used [0x0000000080000000,0x00000000b34027e8,0x00000000b3480000)
 Metaspace       used 74171K, committed 75840K, reserved 1179648K
  class space    used 7939K, committed 8704K, reserved 1048576K
}
Event: 76.492 GC heap after
{Heap after GC invocations=1516 (full 3):
 PSYoungGen      total 4096K, used 745K [0x00000000d5580000, 0x00000000d5a80000, 0x0000000100000000)
  eden space 2560K, 0% used [0x00000000d5580000,0x00000000d5580000,0x00000000d5800000)
  from space 1536K, 48% used [0x00000000d5800000,0x00000000d58ba740,0x00000000d5980000)
  to   space 1024K, 0% used [0x00000000d5980000,0x00000000d5980000,0x00000000d5a80000)
 ParOldGen       total 840192K, used 839761K [0x0000000080000000, 0x00000000b3480000, 0x00000000d5580000)
  object space 840192K, 99% used [0x0000000080000000,0x00000000b34147e8,0x00000000b3480000)
 Metaspace       used 74171K, committed 75840K, reserved 1179648K
  class space    used 7939K, committed 8704K, reserved 1048576K
}
Event: 76.500 GC heap before
{Heap before GC invocations=1517 (full 3):
 PSYoungGen      total 4096K, used 3305K [0x00000000d5580000, 0x00000000d5a80000, 0x0000000100000000)
  eden space 2560K, 100% used [0x00000000d5580000,0x00000000d5800000,0x00000000d5800000)
  from space 1536K, 48% used [0x00000000d5800000,0x00000000d58ba740,0x00000000d5980000)
  to   space 1024K, 0% used [0x00000000d5980000,0x00000000d5980000,0x00000000d5a80000)
 ParOldGen       total 840192K, used 839761K [0x0000000080000000, 0x00000000b3480000, 0x00000000d5580000)
  object space 840192K, 99% used [0x0000000080000000,0x00000000b34147e8,0x00000000b3480000)
 Metaspace       used 74189K, committed 75840K, reserved 1179648K
  class space    used 7939K, committed 8704K, reserved 1048576K
}
Event: 76.503 GC heap after
{Heap after GC invocations=1517 (full 3):
 PSYoungGen      total 4096K, used 739K [0x00000000d5580000, 0x00000000d5a80000, 0x0000000100000000)
  eden space 3072K, 0% used [0x00000000d5580000,0x00000000d5580000,0x00000000d5880000)
  from space 1024K, 72% used [0x00000000d5980000,0x00000000d5a38f50,0x00000000d5a80000)
  to   space 1024K, 0% used [0x00000000d5880000,0x00000000d5880000,0x00000000d5980000)
 ParOldGen       total 840704K, used 840330K [0x0000000080000000, 0x00000000b3500000, 0x00000000d5580000)
  object space 840704K, 99% used [0x0000000080000000,0x00000000b34a2880,0x00000000b3500000)
 Metaspace       used 74189K, committed 75840K, reserved 1179648K
  class space    used 7939K, committed 8704K, reserved 1048576K
}
Event: 76.524 GC heap before
{Heap before GC invocations=1518 (full 3):
 PSYoungGen      total 4096K, used 3811K [0x00000000d5580000, 0x00000000d5a80000, 0x0000000100000000)
  eden space 3072K, 100% used [0x00000000d5580000,0x00000000d5880000,0x00000000d5880000)
  from space 1024K, 72% used [0x00000000d5980000,0x00000000d5a38f50,0x00000000d5a80000)
  to   space 1024K, 0% used [0x00000000d5880000,0x00000000d5880000,0x00000000d5980000)
 ParOldGen       total 840704K, used 840330K [0x0000000080000000, 0x00000000b3500000, 0x00000000d5580000)
  object space 840704K, 99% used [0x0000000080000000,0x00000000b34a2880,0x00000000b3500000)
 Metaspace       used 74382K, committed 76032K, reserved 1179648K
  class space    used 7942K, committed 8704K, reserved 1048576K
}
Event: 76.527 GC heap after
{Heap after GC invocations=1518 (full 3):
 PSYoungGen      total 4096K, used 224K [0x00000000d5580000, 0x00000000d5a80000, 0x0000000100000000)
  eden space 3072K, 0% used [0x00000000d5580000,0x00000000d5580000,0x00000000d5880000)
  from space 1024K, 21% used [0x00000000d5880000,0x00000000d58b8000,0x00000000d5980000)
  to   space 512K, 0% used [0x00000000d5a00000,0x00000000d5a00000,0x00000000d5a80000)
 ParOldGen       total 841216K, used 840909K [0x0000000080000000, 0x00000000b3580000, 0x00000000d5580000)
  object space 841216K, 99% used [0x0000000080000000,0x00000000b35337d0,0x00000000b3580000)
 Metaspace       used 74382K, committed 76032K, reserved 1179648K
  class space    used 7942K, committed 8704K, reserved 1048576K
}
Event: 76.561 GC heap before
{Heap before GC invocations=1519 (full 3):
 PSYoungGen      total 4096K, used 3295K [0x00000000d5580000, 0x00000000d5a80000, 0x0000000100000000)
  eden space 3072K, 99% used [0x00000000d5580000,0x00000000d587fff8,0x00000000d5880000)
  from space 1024K, 21% used [0x00000000d5880000,0x00000000d58b8000,0x00000000d5980000)
  to   space 512K, 0% used [0x00000000d5a00000,0x00000000d5a00000,0x00000000d5a80000)
 ParOldGen       total 841216K, used 840909K [0x0000000080000000, 0x00000000b3580000, 0x00000000d5580000)
  object space 841216K, 99% used [0x0000000080000000,0x00000000b35337d0,0x00000000b3580000)
 Metaspace       used 74593K, committed 76224K, reserved 1179648K
  class space    used 7965K, committed 8704K, reserved 1048576K
}
Event: 76.564 GC heap after
{Heap after GC invocations=1519 (full 3):
 PSYoungGen      total 4096K, used 512K [0x00000000d5580000, 0x00000000d5b80000, 0x0000000100000000)
  eden space 3584K, 0% used [0x00000000d5580000,0x00000000d5580000,0x00000000d5900000)
  from space 512K, 100% used [0x00000000d5a00000,0x00000000d5a80000,0x00000000d5a80000)
  to   space 1024K, 0% used [0x00000000d5900000,0x00000000d5900000,0x00000000d5a00000)
 ParOldGen       total 841216K, used 841005K [0x0000000080000000, 0x00000000b3580000, 0x00000000d5580000)
  object space 841216K, 99% used [0x0000000080000000,0x00000000b354b7d0,0x00000000b3580000)
 Metaspace       used 74593K, committed 76224K, reserved 1179648K
  class space    used 7965K, committed 8704K, reserved 1048576K
}
Event: 76.596 GC heap before
{Heap before GC invocations=1520 (full 3):
 PSYoungGen      total 4096K, used 4096K [0x00000000d5580000, 0x00000000d5b80000, 0x0000000100000000)
  eden space 3584K, 100% used [0x00000000d5580000,0x00000000d5900000,0x00000000d5900000)
  from space 512K, 100% used [0x00000000d5a00000,0x00000000d5a80000,0x00000000d5a80000)
  to   space 1024K, 0% used [0x00000000d5900000,0x00000000d5900000,0x00000000d5a00000)
 ParOldGen       total 841216K, used 841005K [0x0000000080000000, 0x00000000b3580000, 0x00000000d5580000)
  object space 841216K, 99% used [0x0000000080000000,0x00000000b354b7d0,0x00000000b3580000)
 Metaspace       used 74849K, committed 76416K, reserved 1179648K
  class space    used 7990K, committed 8704K, reserved 1048576K
}
Event: 76.599 GC heap after
{Heap after GC invocations=1520 (full 3):
 PSYoungGen      total 4608K, used 580K [0x00000000d5580000, 0x00000000d5b00000, 0x0000000100000000)
  eden space 3584K, 0% used [0x00000000d5580000,0x00000000d5580000,0x00000000d5900000)
  from space 1024K, 56% used [0x00000000d5900000,0x00000000d5991210,0x00000000d5a00000)
  to   space 1024K, 0% used [0x00000000d5a00000,0x00000000d5a00000,0x00000000d5b00000)
 ParOldGen       total 841728K, used 841381K [0x0000000080000000, 0x00000000b3600000, 0x00000000d5580000)
  object space 841728K, 99% used [0x0000000080000000,0x00000000b35a97d0,0x00000000b3600000)
 Metaspace       used 74849K, committed 76416K, reserved 1179648K
  class space    used 7990K, committed 8704K, reserved 1048576K
}
Event: 76.641 GC heap before
{Heap before GC invocations=1521 (full 3):
 PSYoungGen      total 4608K, used 4152K [0x00000000d5580000, 0x00000000d5b00000, 0x0000000100000000)
  eden space 3584K, 99% used [0x00000000d5580000,0x00000000d58fd120,0x00000000d5900000)
  from space 1024K, 56% used [0x00000000d5900000,0x00000000d5991210,0x00000000d5a00000)
  to   space 1024K, 0% used [0x00000000d5a00000,0x00000000d5a00000,0x00000000d5b00000)
 ParOldGen       total 841728K, used 841381K [0x0000000080000000, 0x00000000b3600000, 0x00000000d5580000)
  object space 841728K, 99% used [0x0000000080000000,0x00000000b35a97d0,0x00000000b3600000)
 Metaspace       used 75215K, committed 76864K, reserved 1179648K
  class space    used 8016K, committed 8768K, reserved 1048576K
}
Event: 76.646 GC heap after
{Heap after GC invocations=1521 (full 3):
 PSYoungGen      total 4608K, used 640K [0x00000000d5580000, 0x00000000d5b00000, 0x0000000100000000)
  eden space 3584K, 0% used [0x00000000d5580000,0x00000000d5580000,0x00000000d5900000)
  from space 1024K, 62% used [0x00000000d5a00000,0x00000000d5aa0000,0x00000000d5b00000)
  to   space 1024K, 0% used [0x00000000d5900000,0x00000000d5900000,0x00000000d5a00000)
 ParOldGen       total 842240K, used 841778K [0x0000000080000000, 0x00000000b3680000, 0x00000000d5580000)
  object space 842240K, 99% used [0x0000000080000000,0x00000000b360c9e0,0x00000000b3680000)
 Metaspace       used 75215K, committed 76864K, reserved 1179648K
  class space    used 8016K, committed 8768K, reserved 1048576K
}
Event: 76.738 GC heap before
{Heap before GC invocations=1522 (full 3):
 PSYoungGen      total 4608K, used 4204K [0x00000000d5580000, 0x00000000d5b00000, 0x0000000100000000)
  eden space 3584K, 99% used [0x00000000d5580000,0x00000000d58fb378,0x00000000d5900000)
  from space 1024K, 62% used [0x00000000d5a00000,0x00000000d5aa0000,0x00000000d5b00000)
  to   space 1024K, 0% used [0x00000000d5900000,0x00000000d5900000,0x00000000d5a00000)
 ParOldGen       total 842240K, used 841778K [0x0000000080000000, 0x00000000b3680000, 0x00000000d5580000)
  object space 842240K, 99% used [0x0000000080000000,0x00000000b360c9e0,0x00000000b3680000)
 Metaspace       used 75501K, committed 77120K, reserved 1179648K
  class space    used 8038K, committed 8768K, reserved 1048576K
}
Event: 76.742 GC heap after
{Heap after GC invocations=1522 (full 3):
 PSYoungGen      total 4608K, used 767K [0x00000000d5580000, 0x00000000d5b00000, 0x0000000100000000)
  eden space 3584K, 0% used [0x00000000d5580000,0x00000000d5580000,0x00000000d5900000)
  from space 1024K, 74% used [0x00000000d5900000,0x00000000d59bfd28,0x00000000d5a00000)
  to   space 1024K, 0% used [0x00000000d5a00000,0x00000000d5a00000,0x00000000d5b00000)
 ParOldGen       total 842752K, used 842290K [0x0000000080000000, 0x00000000b3700000, 0x00000000d5580000)
  object space 842752K, 99% used [0x0000000080000000,0x00000000b368ca00,0x00000000b3700000)
 Metaspace       used 75501K, committed 77120K, reserved 1179648K
  class space    used 8038K, committed 8768K, reserved 1048576K
}
Event: 76.831 GC heap before
{Heap before GC invocations=1523 (full 3):
 PSYoungGen      total 4608K, used 4351K [0x00000000d5580000, 0x00000000d5b00000, 0x0000000100000000)
  eden space 3584K, 100% used [0x00000000d5580000,0x00000000d5900000,0x00000000d5900000)
  from space 1024K, 74% used [0x00000000d5900000,0x00000000d59bfd28,0x00000000d5a00000)
  to   space 1024K, 0% used [0x00000000d5a00000,0x00000000d5a00000,0x00000000d5b00000)
 ParOldGen       total 842752K, used 842290K [0x0000000080000000, 0x00000000b3700000, 0x00000000d5580000)
  object space 842752K, 99% used [0x0000000080000000,0x00000000b368ca00,0x00000000b3700000)
 Metaspace       used 75993K, committed 77632K, reserved 1179648K
  class space    used 8086K, committed 8832K, reserved 1048576K
}
Event: 76.834 GC heap after
{Heap after GC invocations=1523 (full 3):
 PSYoungGen      total 4608K, used 627K [0x00000000d5580000, 0x00000000d5b00000, 0x0000000100000000)
  eden space 3584K, 0% used [0x00000000d5580000,0x00000000d5580000,0x00000000d5900000)
  from space 1024K, 61% used [0x00000000d5a00000,0x00000000d5a9ce48,0x00000000d5b00000)
  to   space 1024K, 0% used [0x00000000d5900000,0x00000000d5900000,0x00000000d5a00000)
 ParOldGen       total 843264K, used 842882K [0x0000000080000000, 0x00000000b3780000, 0x00000000d5580000)
  object space 843264K, 99% used [0x0000000080000000,0x00000000b3720a00,0x00000000b3780000)
 Metaspace       used 75993K, committed 77632K, reserved 1179648K
  class space    used 8086K, committed 8832K, reserved 1048576K
}
Event: 76.899 GC heap before
{Heap before GC invocations=1524 (full 3):
 PSYoungGen      total 4608K, used 4211K [0x00000000d5580000, 0x00000000d5b00000, 0x0000000100000000)
  eden space 3584K, 100% used [0x00000000d5580000,0x00000000d5900000,0x00000000d5900000)
  from space 1024K, 61% used [0x00000000d5a00000,0x00000000d5a9ce48,0x00000000d5b00000)
  to   space 1024K, 0% used [0x00000000d5900000,0x00000000d5900000,0x00000000d5a00000)
 ParOldGen       total 843264K, used 842882K [0x0000000080000000, 0x00000000b3780000, 0x00000000d5580000)
  object space 843264K, 99% used [0x0000000080000000,0x00000000b3720a00,0x00000000b3780000)
 Metaspace       used 76203K, committed 77824K, reserved 1179648K
  class space    used 8100K, committed 8832K, reserved 1048576K
}
Event: 76.902 GC heap after
{Heap after GC invocations=1524 (full 3):
 PSYoungGen      total 4608K, used 881K [0x00000000d5580000, 0x00000000d5b00000, 0x0000000100000000)
  eden space 3584K, 0% used [0x00000000d5580000,0x00000000d5580000,0x00000000d5900000)
  from space 1024K, 86% used [0x00000000d5900000,0x00000000d59dc488,0x00000000d5a00000)
  to   space 1024K, 0% used [0x00000000d5a00000,0x00000000d5a00000,0x00000000d5b00000)
 ParOldGen       total 843264K, used 843031K [0x0000000080000000, 0x00000000b3780000, 0x00000000d5580000)
  object space 843264K, 99% used [0x0000000080000000,0x00000000b3745c98,0x00000000b3780000)
 Metaspace       used 76203K, committed 77824K, reserved 1179648K
  class space    used 8100K, committed 8832K, reserved 1048576K
}
Event: 77.030 GC heap before
{Heap before GC invocations=1525 (full 3):
 PSYoungGen      total 4608K, used 4465K [0x00000000d5580000, 0x00000000d5b00000, 0x0000000100000000)
  eden space 3584K, 100% used [0x00000000d5580000,0x00000000d5900000,0x00000000d5900000)
  from space 1024K, 86% used [0x00000000d5900000,0x00000000d59dc488,0x00000000d5a00000)
  to   space 1024K, 0% used [0x00000000d5a00000,0x00000000d5a00000,0x00000000d5b00000)
 ParOldGen       total 843264K, used 843031K [0x0000000080000000, 0x00000000b3780000, 0x00000000d5580000)
  object space 843264K, 99% used [0x0000000080000000,0x00000000b3745c98,0x00000000b3780000)
 Metaspace       used 76472K, committed 78080K, reserved 1179648K
  class space    used 8120K, committed 8832K, reserved 1048576K
}
Event: 77.033 GC heap after
{Heap after GC invocations=1525 (full 3):
 PSYoungGen      total 4096K, used 1024K [0x00000000d5580000, 0x00000000d5c00000, 0x0000000100000000)
  eden space 3072K, 0% used [0x00000000d5580000,0x00000000d5580000,0x00000000d5880000)
  from space 1024K, 100% used [0x00000000d5a00000,0x00000000d5b00000,0x00000000d5b00000)
  to   space 1536K, 0% used [0x00000000d5880000,0x00000000d5880000,0x00000000d5a00000)
 ParOldGen       total 843776K, used 843383K [0x0000000080000000, 0x00000000b3800000, 0x00000000d5580000)
  object space 843776K, 99% used [0x0000000080000000,0x00000000b379dc98,0x00000000b3800000)
 Metaspace       used 76472K, committed 78080K, reserved 1179648K
  class space    used 8120K, committed 8832K, reserved 1048576K
}

